    warning: module attribute @cpu_sample_interval_ms was set but never used
    â”‚
 20 â”‚   @cpu_sample_interval_ms 1_000  # CPU sampling interval
    â”‚   ~~~~~~~~~~~~~~~~~~~~~~~~~~~~~~~~~~~~~~~~~~~~~~~~~~~~~~
    â”‚
    â””â”€ lib/corro_port/system_metrics.ex:20: CorroPort.SystemMetrics (module)

     warning: variable "experiment_id" is unused (if the variable is not meant to be used, prefix it with an underscore)
     â”‚
 362 â”‚   defp collect_from_all_nodes(experiment_id, nodes, collector_fn) do
     â”‚                               ~~~~~~~~~~~~~
     â”‚
     â””â”€ lib/corro_port/analytics_aggregator.ex:362:31: CorroPort.AnalyticsAggregator.collect_from_all_nodes/3

     warning: variable "task" is unused (if the variable is not meant to be used, prefix it with an underscore)
     â”‚
 631 â”‚   defp get_task_data_type(task) do
     â”‚                           ~~~~
     â”‚
     â””â”€ lib/corro_port/analytics_aggregator.ex:631:27: CorroPort.AnalyticsAggregator.get_task_data_type/1

     warning: function collect_specific_data_from_all_nodes/3 is unused
     â”‚
 332 â”‚   defp collect_specific_data_from_all_nodes(:summary, experiment_id, state) do
     â”‚        ~
     â”‚
     â””â”€ lib/corro_port/analytics_aggregator.ex:332:8: CorroPort.AnalyticsAggregator (module)

     warning: function collect_from_all_nodes/3 is unused
     â”‚
 362 â”‚   defp collect_from_all_nodes(experiment_id, nodes, collector_fn) do
     â”‚        ~
     â”‚
     â””â”€ lib/corro_port/analytics_aggregator.ex:362:8: CorroPort.AnalyticsAggregator (module)

     warning: function aggregate_timing_stats/1 is unused
     â”‚
 577 â”‚   defp aggregate_timing_stats(timing_stats_lists) do
     â”‚        ~
     â”‚
     â””â”€ lib/corro_port/analytics_aggregator.ex:577:8: CorroPort.AnalyticsAggregator (module)

     warning: function aggregate_message_timing/2 is unused
     â”‚
 588 â”‚   defp aggregate_message_timing(message_id, stats) do
     â”‚        ~
     â”‚
     â””â”€ lib/corro_port/analytics_aggregator.ex:588:8: CorroPort.AnalyticsAggregator (module)

     warning: function aggregate_experiment_summaries/1 is unused
     â”‚
 546 â”‚   defp aggregate_experiment_summaries(summaries) do
     â”‚        ~
     â”‚
     â””â”€ lib/corro_port/analytics_aggregator.ex:546:8: CorroPort.AnalyticsAggregator (module)

    warning: unused alias ClusterMembership
    â”‚
 26 â”‚   alias CorroPort.{ClusterMembership, LocalNode, Analytics}
    â”‚   ~
    â”‚
    â””â”€ lib/corro_port/analytics_aggregator.ex:26:3

     warning: the following clause will never match:

         {:error, reason}

     because it attempts to match on the result of:

         collect_specific_data(data_type, experiment_id, state)

     which has type:

         dynamic({:ok, term()})

     typing violation found at:
     â”‚
 254 â”‚           {:error, reason} ->
     â”‚           ~~~~~~~~~~~~~~~~~~~
     â”‚
     â””â”€ lib/corro_port/analytics_aggregator.ex:254: CorroPort.AnalyticsAggregator.get_cached_or_collect/3

    warning: unused alias Analytics
    â”‚
 18 â”‚   alias CorroPort.{AnalyticsAggregator, Analytics, LocalNode}
    â”‚   ~
    â”‚
    â””â”€ lib/corro_port_web/live/analytics_live.ex:18:3

[info] AckTracker starting...
[info] AckTracker ETS table created: ack_tracker
[info] CorroSubscriber: Starting subscription
[info] AckSender starting...
[info] CLIMemberStore starting with 300000ms refresh interval
[info] NodeDiscovery starting...
[info] MessagePropagation starting...
[debug] AckTracker: Found 0 acknowledgments from []
[info] ClusterSystemInfo starting with 60000ms refresh interval
[info] CorroSubscriber: Subscription started successfully
[info] AnalyticsStorage starting...
[info] SystemMetrics starting...
[info] AnalyticsAggregator starting...
[info] Running CorroPortWeb.Endpoint with Bandit 1.7.0 at 127.0.0.1:4003 (http)
[info] Access CorroPortWeb.Endpoint at http://localhost:4003
[info] Running CorroPortWeb.APIEndpoint with Bandit 1.7.0 at 127.0.0.1:5003 (http)
[info] Access CorroPortWeb.APIEndpoint at http://localhost:5003
[watch] build finished, watching for changes...
[debug] Live reload: priv/static/assets/js/app.js
/*! ðŸŒ¼ daisyUI 5.0.8 */
â‰ˆ tailwindcss v4.0.9

Done in 78ms
[debug] CLIMemberStore: Starting CLI fetch task
[info] NodeDiscovery: Performing initial DNS fetch
[debug] NodeDiscovery: Not in Fly.io environment, using development fallback
[debug] NodeDiscovery: Using development fallback
[debug] CorroCLI: command corrosion/corrosion-mac cluster members --config corrosion/config-node3.toml
[info] NodeDiscovery: Successfully fetched 2 expected nodes
[debug] ClusterSystemInfo: Starting fetch task
[info] CorroClient.Subscriber: Starting subscription stream to http://127.0.0.1:8083/v1/subscriptions
[debug] CLIMemberStore: CLI fetch completed successfully
[info] CLIMemberStore: Parsed 2 cluster members
[debug] CLIMemberStore: Broadcasted update - 2 members, status: ok
[debug] CLIMemberStore: Broadcasted active update - 1 regions, status: ok
[info] CorroClient.Subscriber: Connected with watch_id: d7472355-5c77-4fe7-be7f-b8fde3797c59
[info] CorroSubscriber: Connected with watch_id: d7472355-5c77-4fe7-be7f-b8fde3797c59
[debug] Found 2 total members, 2 active
[debug] ClusterSystemInfo: Fetch task completed
[debug] ClusterSystemInfo: Broadcasted update - cluster_info: true, database_info: true, messages: 0
[info] CorroClient.Subscriber: Got column names: ["pk", "node_id", "message", "sequence", "timestamp", "originating_endpoint", "region"]
[info] CorroClient.Subscriber: End of initial query - subscription is now live
[info] CorroSubscriber: Got column names: ["pk", "node_id", "message", "sequence", "timestamp", "originating_endpoint", "region"]
[info] CorroSubscriber: End of initial query - subscription is now live
[0mWaiting for lock on the build directory (held by process 45102)
[info] GET /
[debug] Processing with CorroPortWeb.IndexLive.__live__/0
  Parameters: %{}
  Pipelines: [:browser]
[info] Sent 200 in 57ms
[0mWaiting for lock on the build directory (held by process 45102)
[info] CONNECTED TO Phoenix.LiveView.Socket in 13Âµs
  Transport: :websocket
  Serializer: Phoenix.Socket.V2.JSONSerializer
  Parameters: %{"_csrf_token" => "HkgMYRoFQQMrJwE-HyUMBHUhJXQvJxkDd1u-p25RzWiIshHcCnJAkacG", "_live_referer" => "undefined", "_mount_attempts" => "0", "_mounts" => "0", "_track_static" => %{"0" => "http://localhost:4003/assets/css/app.css", "1" => "http://localhost:4003/assets/js/app.js"}, "vsn" => "2.0.0"}
[debug] MOUNT CorroPortWeb.IndexLive
  Parameters: %{}
  Session: %{"_csrf_token" => "zyyLj7tQQphwlMDg6Oo5DFzD"}
[debug] Replied in 141Âµs
[debug] Live reload: priv/static/assets/js/app.js
[0mWaiting for lock on the build directory (held by process 45102)
[info] GET /
[debug] Processing with CorroPortWeb.IndexLive.__live__/0
  Parameters: %{}
  Pipelines: [:browser]
[info] Sent 200 in 5ms
[0mWaiting for lock on the build directory (held by process 45165)
[info] CONNECTED TO Phoenix.LiveView.Socket in 13Âµs
  Transport: :websocket
  Serializer: Phoenix.Socket.V2.JSONSerializer
  Parameters: %{"_csrf_token" => "ExoaDj18HGcwCRsZPAU3LF93WngFBAwyiccBWKh6aysnPHsKi85MABvv", "_live_referer" => "undefined", "_mount_attempts" => "0", "_mounts" => "0", "_track_static" => %{"0" => "http://localhost:4003/assets/css/app.css", "1" => "http://localhost:4003/assets/js/app.js"}, "vsn" => "2.0.0"}
[debug] MOUNT CorroPortWeb.IndexLive
  Parameters: %{}
  Session: %{"_csrf_token" => "zyyLj7tQQphwlMDg6Oo5DFzD"}
[debug] Replied in 133Âµs
[info] AckSender: ðŸ¤ Sending acknowledgment for INSERT from dev-node1
[debug] AckSender: Sending POST to http://127.0.0.1:5001/api/acknowledge with payload: %{"ack_node_id" => "dev-node3", "message_pk" => "dev-node1_1750693520207", "message_timestamp" => "2025-06-23T15:45:20.207840Z"}
[info] AckSender: âœ… Successfully sent acknowledgment to 127.0.0.1:5001
[debug] AckSender: Response: %{"ack_node_id" => "dev-node3", "message" => "Acknowledgment recorded", "message_pk" => "dev-node1_1750693520207", "status" => "acknowledged"}
[debug] ClusterSystemInfo: Starting fetch task
[debug] Found 2 total members, 2 active
[debug] ClusterSystemInfo: Fetch task completed
[debug] ClusterSystemInfo: Broadcasted update - cluster_info: true, database_info: true, messages: 1
[debug] ClusterSystemInfo: Starting fetch task
[debug] Found 2 total members, 2 active
[debug] ClusterSystemInfo: Fetch task completed
[debug] ClusterSystemInfo: Broadcasted update - cluster_info: true, database_info: true, messages: 1
